2023-09-10 22:17:11,909 [main] INFO Main [GameMessage.java:22] - NHN - Poker 게임을 시작합니다

2023-09-10 22:17:11,922 [main] INFO c.Input [Input.java:28] - Player의 수를 입력해 주세요 | 2~10 명 
2023-09-10 22:17:18,333 [main] INFO Main [Main.java:22] - Player는 총 5명 입니다.
2023-09-10 22:17:18,336 [main] INFO Main [Main.java:26] - User는 4번쨰 Player 입니다.

2023-09-10 22:17:18,337 [main] INFO m.User [User.java:37] - 현제 가지고 있는 카드
2023-09-10 22:17:18,348 [main] INFO v.RankMessage [RankMessage.java:75] - 1 번째 카드 SEVEN CLOVERR 
2023-09-10 22:17:18,348 [main] INFO v.RankMessage [RankMessage.java:75] - 2 번째 카드 THREE HEART 
2023-09-10 22:17:18,348 [main] INFO v.RankMessage [RankMessage.java:75] - 3 번째 카드 TEN DIA 
2023-09-10 22:17:18,349 [main] INFO v.RankMessage [RankMessage.java:75] - 4 번째 카드 EIGHT HEART 
2023-09-10 22:17:18,349 [main] INFO v.RankMessage [RankMessage.java:75] - 5 번째 카드 NINE CLOVERR 
2023-09-10 22:17:18,349 [main] INFO m.User [User.java:41] - 
2023-09-10 22:17:18,349 [main] INFO c.Input [Input.java:56] - 
교환할 카드 개수를 입력해 주세요
2023-09-10 22:17:19,428 [main] INFO m.User [User.java:37] - 현제 가지고 있는 카드
2023-09-10 22:17:19,429 [main] INFO v.RankMessage [RankMessage.java:75] - 1 번째 카드 SEVEN CLOVERR 
2023-09-10 22:17:19,429 [main] INFO v.RankMessage [RankMessage.java:75] - 2 번째 카드 THREE HEART 
2023-09-10 22:17:19,429 [main] INFO v.RankMessage [RankMessage.java:75] - 3 번째 카드 TEN DIA 
2023-09-10 22:17:19,430 [main] INFO v.RankMessage [RankMessage.java:75] - 4 번째 카드 EIGHT HEART 
2023-09-10 22:17:19,430 [main] INFO v.RankMessage [RankMessage.java:75] - 5 번째 카드 NINE CLOVERR 
2023-09-10 22:17:19,430 [main] INFO m.User [User.java:41] - 
2023-09-10 22:17:19,439 [main] INFO v.RankMessage [RankMessage.java:61] - 1 번째 Player NO_PAIR ACE_14 HEART 
2023-09-10 22:17:19,440 [main] INFO v.RankMessage [RankMessage.java:61] - 2 번째 Player NO_PAIR K SPADE 
2023-09-10 22:17:19,440 [main] INFO v.RankMessage [RankMessage.java:61] - 3 번째 Player NO_PAIR ACE_14 CLOVERR 
2023-09-10 22:17:19,440 [main] INFO v.RankMessage [RankMessage.java:61] - 4 번째 Player NO_PAIR TEN DIA 
2023-09-10 22:17:19,440 [main] INFO v.RankMessage [RankMessage.java:61] - 5 번째 Player ONE_PAIR FOUR DIA 
2023-09-10 22:17:19,441 [main] INFO Main [Main.java:50] - 
5번쨰 Player가 이겼습니다 !
2023-09-10 22:22:31,631 [main] INFO Main [Main.java:16] - NHN - Poker 게임을 시작합니다

2023-09-10 22:22:31,641 [main] INFO c.Input [Input.java:28] - Player의 수를 입력해 주세요 | 2~10 명 
2023-09-10 22:22:33,475 [main] WARN c.Input [Input.java:34] - 2명에서 10명까지 입력 가능합니다
2023-09-10 22:22:33,477 [main] INFO c.Input [Input.java:28] - Player의 수를 입력해 주세요 | 2~10 명 
2023-09-10 22:22:34,105 [main] WARN c.Input [Input.java:34] - 2명에서 10명까지 입력 가능합니다
2023-09-10 22:22:34,105 [main] INFO c.Input [Input.java:28] - Player의 수를 입력해 주세요 | 2~10 명 
2023-09-10 22:22:34,871 [main] INFO c.Input [Input.java:38] - Player는 총 5명 입니다.
2023-09-10 22:22:34,875 [main] INFO Main [Main.java:22] - User는 5번쨰 Player 입니다.

2023-09-10 22:22:34,876 [main] INFO m.User [User.java:37] - 현제 가지고 있는 카드
2023-09-10 22:22:34,889 [main] INFO v.RankMessage [RankMessage.java:75] - 1 번째 카드 EIGHT HEART 
2023-09-10 22:22:34,889 [main] INFO v.RankMessage [RankMessage.java:75] - 2 번째 카드 TEN SPADE 
2023-09-10 22:22:34,889 [main] INFO v.RankMessage [RankMessage.java:75] - 3 번째 카드 FIVE HEART 
2023-09-10 22:22:34,889 [main] INFO v.RankMessage [RankMessage.java:75] - 4 번째 카드 SIX HEART 
2023-09-10 22:22:34,889 [main] INFO v.RankMessage [RankMessage.java:75] - 5 번째 카드 TEN CLOVERR 
2023-09-10 22:22:34,889 [main] INFO m.User [User.java:41] - 
2023-09-10 22:22:34,890 [main] INFO c.Input [Input.java:57] - 
교환할 카드 개수를 입력해 주세요
2023-09-10 22:22:45,584 [main] INFO c.Input [Input.java:77] - 교환할 카드가 몇 번째 카드인지 입력해 주세요
2023-09-10 22:22:45,585 [main] INFO c.Input [Input.java:81] - 교환할 카드 : 3개 남았습니다
2023-09-10 22:22:46,183 [main] INFO c.Input [Input.java:81] - 교환할 카드 : 2개 남았습니다
2023-09-10 22:22:46,664 [main] INFO c.Input [Input.java:81] - 교환할 카드 : 1개 남았습니다
2023-09-10 22:22:47,136 [main] INFO m.User [User.java:37] - 현제 가지고 있는 카드
2023-09-10 22:22:47,136 [main] INFO v.RankMessage [RankMessage.java:75] - 1 번째 카드 Q SPADE 
2023-09-10 22:22:47,137 [main] INFO v.RankMessage [RankMessage.java:75] - 2 번째 카드 TEN SPADE 
2023-09-10 22:22:47,137 [main] INFO v.RankMessage [RankMessage.java:75] - 3 번째 카드 NINE SPADE 
2023-09-10 22:22:47,137 [main] INFO v.RankMessage [RankMessage.java:75] - 4 번째 카드 FOUR SPADE 
2023-09-10 22:22:47,138 [main] INFO v.RankMessage [RankMessage.java:75] - 5 번째 카드 TEN CLOVERR 
2023-09-10 22:22:47,138 [main] INFO m.User [User.java:41] - 
2023-09-10 22:22:47,148 [main] INFO v.RankMessage [RankMessage.java:61] - 1 번째 Player ONE_PAIR EIGHT SPADE 
2023-09-10 22:22:47,148 [main] INFO v.RankMessage [RankMessage.java:61] - 2 번째 Player NO_PAIR ACE_14 DIA 
2023-09-10 22:22:47,148 [main] INFO v.RankMessage [RankMessage.java:61] - 3 번째 Player TWO_PAIR K SPADE 
2023-09-10 22:22:47,149 [main] INFO v.RankMessage [RankMessage.java:61] - 4 번째 Player ONE_PAIR THREE DIA 
2023-09-10 22:22:47,149 [main] INFO v.RankMessage [RankMessage.java:61] - 5 번째 Player ONE_PAIR TEN SPADE 
2023-09-10 22:22:47,149 [main] INFO Main [Main.java:46] - 
3번쨰 Player가 이겼습니다 !
